2020-04-21 19:56:43,291  INFO [background-preinit] org.hibernate.validator.internal.util.Version(Version.java:<clinit>:21) - HV000001: Hibernate Validator 6.0.18.Final
2020-04-21 19:56:43,445  INFO [restartedMain] com.kevin.instant.InstantApplication(StartupInfoLogger.java:logStarting:55) - Starting InstantApplication on yuanfangdeMacBook-Pro.local with PID 45032 (/Users/yuanfangwu/XiXi/Work/workspace_idea/Instant/target/classes started by yuanfangwu in /Users/yuanfangwu/XiXi/Work/workspace_idea/Instant)
2020-04-21 19:56:43,446  INFO [restartedMain] com.kevin.instant.InstantApplication(SpringApplication.java:logStartupProfileInfo:651) - No active profile set, falling back to default profiles: default
2020-04-21 19:56:43,477  INFO [restartedMain] org.springframework.boot.devtools.env.DevToolsPropertyDefaultsPostProcessor(DeferredLog.java:logTo:225) - Devtools property defaults active! Set 'spring.devtools.add-properties' to 'false' to disable
2020-04-21 19:56:43,477  INFO [restartedMain] org.springframework.boot.devtools.env.DevToolsPropertyDefaultsPostProcessor(DeferredLog.java:logTo:225) - For additional web related logging consider setting the 'logging.level.web' property to 'DEBUG'
2020-04-21 19:56:44,350  INFO [restartedMain] org.springframework.boot.web.embedded.tomcat.TomcatWebServer(TomcatWebServer.java:initialize:92) - Tomcat initialized with port(s): 8090 (http)
2020-04-21 19:56:44,401  INFO [restartedMain] org.springframework.web.context.ContextLoader(ServletWebServerApplicationContext.java:prepareWebApplicationContext:284) - Root WebApplicationContext: initialization completed in 924 ms
2020-04-21 19:56:44,674  WARN [restartedMain] com.baomidou.mybatisplus.core.injector.AbstractMethod(AbstractMethod.java:addMappedStatement:323) - [com.kevin.instant.mapper.IUserDao.insert] Has been loaded by XML or SqlProvider or Mybatis's Annotation, so ignoring this injection for [class com.baomidou.mybatisplus.core.injector.methods.Insert]
2020-04-21 19:56:44,955  INFO [restartedMain] org.springframework.scheduling.concurrent.ThreadPoolTaskExecutor(ExecutorConfigurationSupport.java:initialize:181) - Initializing ExecutorService 'applicationTaskExecutor'
2020-04-21 19:56:45,095  INFO [restartedMain] org.springframework.scheduling.concurrent.ThreadPoolTaskScheduler(ExecutorConfigurationSupport.java:initialize:181) - Initializing ExecutorService 'taskScheduler'
2020-04-21 19:56:45,126  INFO [restartedMain] org.springframework.boot.devtools.autoconfigure.OptionalLiveReloadServer(OptionalLiveReloadServer.java:startServer:58) - LiveReload server is running on port 35729
2020-04-21 19:56:45,178  INFO [restartedMain] org.springframework.boot.web.embedded.tomcat.TomcatWebServer(TomcatWebServer.java:start:204) - Tomcat started on port(s): 8090 (http) with context path '/instant'
2020-04-21 19:56:45,181  INFO [restartedMain] com.kevin.instant.InstantApplication(StartupInfoLogger.java:logStarted:61) - Started InstantApplication in 1.973 seconds (JVM running for 2.595)
2020-04-21 19:57:36,517  INFO [http-nio-8090-exec-1] org.springframework.web.servlet.DispatcherServlet(FrameworkServlet.java:initServletBean:525) - Initializing Servlet 'dispatcherServlet'
2020-04-21 19:57:36,524  INFO [http-nio-8090-exec-1] org.springframework.web.servlet.DispatcherServlet(FrameworkServlet.java:initServletBean:547) - Completed initialization in 7 ms
2020-04-21 19:57:37,463  INFO [http-nio-8090-exec-1] com.alibaba.druid.pool.DruidDataSource(DruidDataSource.java:init:923) - {dataSource-1} inited
2020-04-21 19:57:37,679  INFO [http-nio-8090-exec-1] com.kevin.instant.core.token.TokenService(TokenService.java:saveKey:29) - ----资源路经----
2020-04-21 19:57:37,680  INFO [http-nio-8090-exec-1] com.kevin.instant.core.token.TokenService(TokenService.java:saveKey:31) - ----资源路经----/Users/yuanfangwu/XiXi/Work/workspace_idea/Instant/target/classes/
2020-04-21 19:58:15,394  INFO [SpringContextShutdownHook] org.springframework.scheduling.concurrent.ThreadPoolTaskScheduler(ExecutorConfigurationSupport.java:shutdown:218) - Shutting down ExecutorService 'taskScheduler'
2020-04-21 19:58:15,395  INFO [SpringContextShutdownHook] org.springframework.scheduling.concurrent.ThreadPoolTaskExecutor(ExecutorConfigurationSupport.java:shutdown:218) - Shutting down ExecutorService 'applicationTaskExecutor'
2020-04-21 19:58:15,403  INFO [SpringContextShutdownHook] com.alibaba.druid.pool.DruidDataSource(DruidDataSource.java:close:1818) - {dataSource-1} closed
2020-04-21 20:12:46,205  INFO [background-preinit] org.hibernate.validator.internal.util.Version(Version.java:<clinit>:21) - HV000001: Hibernate Validator 6.0.18.Final
2020-04-21 20:12:46,343  INFO [restartedMain] com.kevin.instant.InstantApplication(StartupInfoLogger.java:logStarting:55) - Starting InstantApplication on yuanfangdeMacBook-Pro.local with PID 46046 (/Users/yuanfangwu/XiXi/Work/workspace_idea/Instant/target/classes started by yuanfangwu in /Users/yuanfangwu/XiXi/Work/workspace_idea/Instant)
2020-04-21 20:12:46,344  INFO [restartedMain] com.kevin.instant.InstantApplication(SpringApplication.java:logStartupProfileInfo:651) - No active profile set, falling back to default profiles: default
2020-04-21 20:12:46,370  INFO [restartedMain] org.springframework.boot.devtools.env.DevToolsPropertyDefaultsPostProcessor(DeferredLog.java:logTo:225) - Devtools property defaults active! Set 'spring.devtools.add-properties' to 'false' to disable
2020-04-21 20:12:46,371  INFO [restartedMain] org.springframework.boot.devtools.env.DevToolsPropertyDefaultsPostProcessor(DeferredLog.java:logTo:225) - For additional web related logging consider setting the 'logging.level.web' property to 'DEBUG'
2020-04-21 20:12:47,257  INFO [restartedMain] org.springframework.boot.web.embedded.tomcat.TomcatWebServer(TomcatWebServer.java:initialize:92) - Tomcat initialized with port(s): 8090 (http)
2020-04-21 20:12:47,317  INFO [restartedMain] org.springframework.web.context.ContextLoader(ServletWebServerApplicationContext.java:prepareWebApplicationContext:284) - Root WebApplicationContext: initialization completed in 946 ms
2020-04-21 20:12:47,568  WARN [restartedMain] com.baomidou.mybatisplus.core.injector.AbstractMethod(AbstractMethod.java:addMappedStatement:323) - [com.kevin.instant.mapper.IUserDao.insert] Has been loaded by XML or SqlProvider or Mybatis's Annotation, so ignoring this injection for [class com.baomidou.mybatisplus.core.injector.methods.Insert]
2020-04-21 20:12:47,767  INFO [restartedMain] org.springframework.scheduling.concurrent.ThreadPoolTaskExecutor(ExecutorConfigurationSupport.java:initialize:181) - Initializing ExecutorService 'applicationTaskExecutor'
2020-04-21 20:12:47,908  INFO [restartedMain] org.springframework.scheduling.concurrent.ThreadPoolTaskScheduler(ExecutorConfigurationSupport.java:initialize:181) - Initializing ExecutorService 'taskScheduler'
2020-04-21 20:12:47,932  INFO [restartedMain] org.springframework.boot.devtools.autoconfigure.OptionalLiveReloadServer(OptionalLiveReloadServer.java:startServer:58) - LiveReload server is running on port 35729
2020-04-21 20:12:47,978  INFO [restartedMain] org.springframework.boot.web.embedded.tomcat.TomcatWebServer(TomcatWebServer.java:start:204) - Tomcat started on port(s): 8090 (http) with context path '/instant'
2020-04-21 20:12:47,981  INFO [restartedMain] com.kevin.instant.InstantApplication(StartupInfoLogger.java:logStarted:61) - Started InstantApplication in 1.832 seconds (JVM running for 2.213)
2020-04-21 20:13:04,329  INFO [http-nio-8090-exec-1] org.springframework.web.servlet.DispatcherServlet(FrameworkServlet.java:initServletBean:525) - Initializing Servlet 'dispatcherServlet'
2020-04-21 20:13:04,337  INFO [http-nio-8090-exec-1] org.springframework.web.servlet.DispatcherServlet(FrameworkServlet.java:initServletBean:547) - Completed initialization in 8 ms
2020-04-21 20:13:06,435  INFO [http-nio-8090-exec-1] com.alibaba.druid.pool.DruidDataSource(DruidDataSource.java:init:923) - {dataSource-1} inited
2020-04-21 20:13:06,594 ERROR [http-nio-8090-exec-1] com.kevin.instant.core.token.TokenService(TokenService.java:getKey:50) -
2020-04-21 20:13:08,495  INFO [Thread-8] org.springframework.scheduling.concurrent.ThreadPoolTaskScheduler(ExecutorConfigurationSupport.java:shutdown:218) - Shutting down ExecutorService 'taskScheduler'
2020-04-21 20:13:08,496  INFO [Thread-8] org.springframework.scheduling.concurrent.ThreadPoolTaskExecutor(ExecutorConfigurationSupport.java:shutdown:218) - Shutting down ExecutorService 'applicationTaskExecutor'
2020-04-21 20:13:08,503  INFO [Thread-8] com.alibaba.druid.pool.DruidDataSource(DruidDataSource.java:close:1818) - {dataSource-1} closed
2020-04-21 20:13:08,627  INFO [restartedMain] org.springframework.boot.devtools.env.DevToolsPropertyDefaultsPostProcessor(DeferredLog.java:logTo:225) - Devtools property defaults active! Set 'spring.devtools.add-properties' to 'false' to disable
2020-04-21 20:13:08,627  INFO [restartedMain] org.springframework.boot.devtools.env.DevToolsPropertyDefaultsPostProcessor(DeferredLog.java:logTo:225) - For additional web related logging consider setting the 'logging.level.web' property to 'DEBUG'
2020-04-21 20:13:08,631  INFO [restartedMain] com.kevin.instant.InstantApplication(StartupInfoLogger.java:logStarting:55) - Starting InstantApplication on yuanfangdeMacBook-Pro.local with PID 46046 (/Users/yuanfangwu/XiXi/Work/workspace_idea/Instant/target/classes started by yuanfangwu in /Users/yuanfangwu/XiXi/Work/workspace_idea/Instant)
2020-04-21 20:13:08,632  INFO [restartedMain] com.kevin.instant.InstantApplication(SpringApplication.java:logStartupProfileInfo:651) - No active profile set, falling back to default profiles: default
2020-04-21 20:13:08,803  INFO [restartedMain] org.springframework.boot.web.embedded.tomcat.TomcatWebServer(TomcatWebServer.java:initialize:92) - Tomcat initialized with port(s): 8090 (http)
2020-04-21 20:13:08,809  INFO [restartedMain] org.springframework.web.context.ContextLoader(ServletWebServerApplicationContext.java:prepareWebApplicationContext:284) - Root WebApplicationContext: initialization completed in 176 ms
2020-04-21 20:13:08,837  WARN [restartedMain] com.baomidou.mybatisplus.core.injector.AbstractMethod(AbstractMethod.java:addMappedStatement:323) - [com.kevin.instant.mapper.IUserDao.insert] Has been loaded by XML or SqlProvider or Mybatis's Annotation, so ignoring this injection for [class com.baomidou.mybatisplus.core.injector.methods.Insert]
2020-04-21 20:13:08,946  INFO [restartedMain] org.springframework.scheduling.concurrent.ThreadPoolTaskExecutor(ExecutorConfigurationSupport.java:initialize:181) - Initializing ExecutorService 'applicationTaskExecutor'
2020-04-21 20:13:09,090  INFO [restartedMain] org.springframework.scheduling.concurrent.ThreadPoolTaskScheduler(ExecutorConfigurationSupport.java:initialize:181) - Initializing ExecutorService 'taskScheduler'
2020-04-21 20:13:09,121  INFO [restartedMain] org.springframework.boot.devtools.autoconfigure.OptionalLiveReloadServer(OptionalLiveReloadServer.java:startServer:58) - LiveReload server is running on port 35729
2020-04-21 20:13:09,143  INFO [restartedMain] org.springframework.boot.web.embedded.tomcat.TomcatWebServer(TomcatWebServer.java:start:204) - Tomcat started on port(s): 8090 (http) with context path '/instant'
2020-04-21 20:13:09,144  INFO [restartedMain] com.kevin.instant.InstantApplication(StartupInfoLogger.java:logStarted:61) - Started InstantApplication in 0.526 seconds (JVM running for 23.376)
2020-04-21 20:13:09,146  INFO [restartedMain] org.springframework.boot.devtools.autoconfigure.ConditionEvaluationDeltaLoggingListener(ConditionEvaluationDeltaLoggingListener.java:onApplicationEvent:63) - Condition evaluation unchanged
2020-04-21 20:13:34,247  INFO [http-nio-8090-exec-1] org.springframework.web.servlet.DispatcherServlet(FrameworkServlet.java:initServletBean:525) - Initializing Servlet 'dispatcherServlet'
2020-04-21 20:13:34,256  INFO [http-nio-8090-exec-1] org.springframework.web.servlet.DispatcherServlet(FrameworkServlet.java:initServletBean:547) - Completed initialization in 8 ms
2020-04-21 20:13:34,266 ERROR [http-nio-8090-exec-1] com.kevin.instant.core.token.TokenService(TokenService.java:getKey:50) -
2020-04-21 20:13:35,718  INFO [Thread-16] org.springframework.scheduling.concurrent.ThreadPoolTaskScheduler(ExecutorConfigurationSupport.java:shutdown:218) - Shutting down ExecutorService 'taskScheduler'
2020-04-21 20:13:35,719  INFO [Thread-16] org.springframework.scheduling.concurrent.ThreadPoolTaskExecutor(ExecutorConfigurationSupport.java:shutdown:218) - Shutting down ExecutorService 'applicationTaskExecutor'
2020-04-21 20:13:35,836  INFO [restartedMain] org.springframework.boot.devtools.env.DevToolsPropertyDefaultsPostProcessor(DeferredLog.java:logTo:225) - Devtools property defaults active! Set 'spring.devtools.add-properties' to 'false' to disable
2020-04-21 20:13:35,837  INFO [restartedMain] org.springframework.boot.devtools.env.DevToolsPropertyDefaultsPostProcessor(DeferredLog.java:logTo:225) - For additional web related logging consider setting the 'logging.level.web' property to 'DEBUG'
2020-04-21 20:13:35,841  INFO [restartedMain] com.kevin.instant.InstantApplication(StartupInfoLogger.java:logStarting:55) - Starting InstantApplication on yuanfangdeMacBook-Pro.local with PID 46046 (/Users/yuanfangwu/XiXi/Work/workspace_idea/Instant/target/classes started by yuanfangwu in /Users/yuanfangwu/XiXi/Work/workspace_idea/Instant)
2020-04-21 20:13:35,841  INFO [restartedMain] com.kevin.instant.InstantApplication(SpringApplication.java:logStartupProfileInfo:651) - No active profile set, falling back to default profiles: default
2020-04-21 20:13:36,000  INFO [restartedMain] org.springframework.boot.web.embedded.tomcat.TomcatWebServer(TomcatWebServer.java:initialize:92) - Tomcat initialized with port(s): 8090 (http)
2020-04-21 20:13:36,009  INFO [restartedMain] org.springframework.web.context.ContextLoader(ServletWebServerApplicationContext.java:prepareWebApplicationContext:284) - Root WebApplicationContext: initialization completed in 167 ms
2020-04-21 20:13:36,038  WARN [restartedMain] com.baomidou.mybatisplus.core.injector.AbstractMethod(AbstractMethod.java:addMappedStatement:323) - [com.kevin.instant.mapper.IUserDao.insert] Has been loaded by XML or SqlProvider or Mybatis's Annotation, so ignoring this injection for [class com.baomidou.mybatisplus.core.injector.methods.Insert]
2020-04-21 20:13:36,128  INFO [restartedMain] org.springframework.scheduling.concurrent.ThreadPoolTaskExecutor(ExecutorConfigurationSupport.java:initialize:181) - Initializing ExecutorService 'applicationTaskExecutor'
2020-04-21 20:13:36,188  INFO [restartedMain] org.springframework.scheduling.concurrent.ThreadPoolTaskScheduler(ExecutorConfigurationSupport.java:initialize:181) - Initializing ExecutorService 'taskScheduler'
2020-04-21 20:13:36,202  INFO [restartedMain] org.springframework.boot.devtools.autoconfigure.OptionalLiveReloadServer(OptionalLiveReloadServer.java:startServer:58) - LiveReload server is running on port 35729
2020-04-21 20:13:36,213  INFO [restartedMain] org.springframework.boot.web.embedded.tomcat.TomcatWebServer(TomcatWebServer.java:start:204) - Tomcat started on port(s): 8090 (http) with context path '/instant'
2020-04-21 20:13:36,213  INFO [restartedMain] com.kevin.instant.InstantApplication(StartupInfoLogger.java:logStarted:61) - Started InstantApplication in 0.385 seconds (JVM running for 50.445)
2020-04-21 20:13:36,214  INFO [restartedMain] org.springframework.boot.devtools.autoconfigure.ConditionEvaluationDeltaLoggingListener(ConditionEvaluationDeltaLoggingListener.java:onApplicationEvent:63) - Condition evaluation unchanged
2020-04-21 20:13:58,790  INFO [SpringContextShutdownHook] org.springframework.scheduling.concurrent.ThreadPoolTaskScheduler(ExecutorConfigurationSupport.java:shutdown:218) - Shutting down ExecutorService 'taskScheduler'
2020-04-21 20:13:58,791  INFO [SpringContextShutdownHook] org.springframework.scheduling.concurrent.ThreadPoolTaskExecutor(ExecutorConfigurationSupport.java:shutdown:218) - Shutting down ExecutorService 'applicationTaskExecutor'
2020-04-21 20:14:04,203  INFO [background-preinit] org.hibernate.validator.internal.util.Version(Version.java:<clinit>:21) - HV000001: Hibernate Validator 6.0.18.Final
2020-04-21 20:14:04,419  INFO [restartedMain] com.kevin.instant.InstantApplication(StartupInfoLogger.java:logStarting:55) - Starting InstantApplication on yuanfangdeMacBook-Pro.local with PID 46127 (/Users/yuanfangwu/XiXi/Work/workspace_idea/Instant/target/classes started by yuanfangwu in /Users/yuanfangwu/XiXi/Work/workspace_idea/Instant)
2020-04-21 20:14:04,420  INFO [restartedMain] com.kevin.instant.InstantApplication(SpringApplication.java:logStartupProfileInfo:651) - No active profile set, falling back to default profiles: default
2020-04-21 20:14:04,465  INFO [restartedMain] org.springframework.boot.devtools.env.DevToolsPropertyDefaultsPostProcessor(DeferredLog.java:logTo:225) - Devtools property defaults active! Set 'spring.devtools.add-properties' to 'false' to disable
2020-04-21 20:14:04,465  INFO [restartedMain] org.springframework.boot.devtools.env.DevToolsPropertyDefaultsPostProcessor(DeferredLog.java:logTo:225) - For additional web related logging consider setting the 'logging.level.web' property to 'DEBUG'
2020-04-21 20:14:05,527  INFO [restartedMain] org.springframework.boot.web.embedded.tomcat.TomcatWebServer(TomcatWebServer.java:initialize:92) - Tomcat initialized with port(s): 8090 (http)
2020-04-21 20:14:05,600  INFO [restartedMain] org.springframework.web.context.ContextLoader(ServletWebServerApplicationContext.java:prepareWebApplicationContext:284) - Root WebApplicationContext: initialization completed in 1135 ms
2020-04-21 20:14:05,898  WARN [restartedMain] com.baomidou.mybatisplus.core.injector.AbstractMethod(AbstractMethod.java:addMappedStatement:323) - [com.kevin.instant.mapper.IUserDao.insert] Has been loaded by XML or SqlProvider or Mybatis's Annotation, so ignoring this injection for [class com.baomidou.mybatisplus.core.injector.methods.Insert]
2020-04-21 20:14:06,123  INFO [restartedMain] org.springframework.scheduling.concurrent.ThreadPoolTaskExecutor(ExecutorConfigurationSupport.java:initialize:181) - Initializing ExecutorService 'applicationTaskExecutor'
2020-04-21 20:14:06,312  INFO [restartedMain] org.springframework.scheduling.concurrent.ThreadPoolTaskScheduler(ExecutorConfigurationSupport.java:initialize:181) - Initializing ExecutorService 'taskScheduler'
2020-04-21 20:14:06,349  INFO [restartedMain] org.springframework.boot.devtools.autoconfigure.OptionalLiveReloadServer(OptionalLiveReloadServer.java:startServer:58) - LiveReload server is running on port 35729
2020-04-21 20:14:06,402  INFO [restartedMain] org.springframework.boot.web.embedded.tomcat.TomcatWebServer(TomcatWebServer.java:start:204) - Tomcat started on port(s): 8090 (http) with context path '/instant'
2020-04-21 20:14:06,405  INFO [restartedMain] com.kevin.instant.InstantApplication(StartupInfoLogger.java:logStarted:61) - Started InstantApplication in 2.299 seconds (JVM running for 3.228)
2020-04-21 20:14:20,808  INFO [http-nio-8090-exec-1] org.springframework.web.servlet.DispatcherServlet(FrameworkServlet.java:initServletBean:525) - Initializing Servlet 'dispatcherServlet'
2020-04-21 20:14:20,837  INFO [http-nio-8090-exec-1] org.springframework.web.servlet.DispatcherServlet(FrameworkServlet.java:initServletBean:547) - Completed initialization in 28 ms
2020-04-21 20:14:23,077  INFO [http-nio-8090-exec-1] com.alibaba.druid.pool.DruidDataSource(DruidDataSource.java:init:923) - {dataSource-1} inited
2020-04-21 20:14:23,257 ERROR [http-nio-8090-exec-1] com.kevin.instant.core.token.TokenService(TokenService.java:getKey:50) -
2020-04-21 20:14:24,900  INFO [Thread-10] org.springframework.scheduling.concurrent.ThreadPoolTaskScheduler(ExecutorConfigurationSupport.java:shutdown:218) - Shutting down ExecutorService 'taskScheduler'
2020-04-21 20:14:24,901  INFO [Thread-10] org.springframework.scheduling.concurrent.ThreadPoolTaskExecutor(ExecutorConfigurationSupport.java:shutdown:218) - Shutting down ExecutorService 'applicationTaskExecutor'
2020-04-21 20:14:24,908  INFO [Thread-10] com.alibaba.druid.pool.DruidDataSource(DruidDataSource.java:close:1818) - {dataSource-1} closed
2020-04-21 20:14:25,061  INFO [restartedMain] org.springframework.boot.devtools.env.DevToolsPropertyDefaultsPostProcessor(DeferredLog.java:logTo:225) - Devtools property defaults active! Set 'spring.devtools.add-properties' to 'false' to disable
2020-04-21 20:14:25,062  INFO [restartedMain] org.springframework.boot.devtools.env.DevToolsPropertyDefaultsPostProcessor(DeferredLog.java:logTo:225) - For additional web related logging consider setting the 'logging.level.web' property to 'DEBUG'
2020-04-21 20:14:25,068  INFO [restartedMain] com.kevin.instant.InstantApplication(StartupInfoLogger.java:logStarting:55) - Starting InstantApplication on yuanfangdeMacBook-Pro.local with PID 46127 (/Users/yuanfangwu/XiXi/Work/workspace_idea/Instant/target/classes started by yuanfangwu in /Users/yuanfangwu/XiXi/Work/workspace_idea/Instant)
2020-04-21 20:14:25,068  INFO [restartedMain] com.kevin.instant.InstantApplication(SpringApplication.java:logStartupProfileInfo:651) - No active profile set, falling back to default profiles: default
2020-04-21 20:14:25,441  INFO [restartedMain] org.springframework.boot.web.embedded.tomcat.TomcatWebServer(TomcatWebServer.java:initialize:92) - Tomcat initialized with port(s): 8090 (http)
2020-04-21 20:14:25,456  INFO [restartedMain] org.springframework.web.context.ContextLoader(ServletWebServerApplicationContext.java:prepareWebApplicationContext:284) - Root WebApplicationContext: initialization completed in 386 ms
2020-04-21 20:14:25,513  WARN [restartedMain] com.baomidou.mybatisplus.core.injector.AbstractMethod(AbstractMethod.java:addMappedStatement:323) - [com.kevin.instant.mapper.IUserDao.insert] Has been loaded by XML or SqlProvider or Mybatis's Annotation, so ignoring this injection for [class com.baomidou.mybatisplus.core.injector.methods.Insert]
2020-04-21 20:14:25,698  INFO [restartedMain] org.springframework.scheduling.concurrent.ThreadPoolTaskExecutor(ExecutorConfigurationSupport.java:initialize:181) - Initializing ExecutorService 'applicationTaskExecutor'
2020-04-21 20:14:25,797  INFO [restartedMain] org.springframework.scheduling.concurrent.ThreadPoolTaskScheduler(ExecutorConfigurationSupport.java:initialize:181) - Initializing ExecutorService 'taskScheduler'
2020-04-21 20:14:25,815  INFO [restartedMain] org.springframework.boot.devtools.autoconfigure.OptionalLiveReloadServer(OptionalLiveReloadServer.java:startServer:58) - LiveReload server is running on port 35729
2020-04-21 20:14:25,828  INFO [restartedMain] org.springframework.boot.web.embedded.tomcat.TomcatWebServer(TomcatWebServer.java:start:204) - Tomcat started on port(s): 8090 (http) with context path '/instant'
2020-04-21 20:14:25,829  INFO [restartedMain] com.kevin.instant.InstantApplication(StartupInfoLogger.java:logStarted:61) - Started InstantApplication in 0.779 seconds (JVM running for 22.651)
2020-04-21 20:14:25,830  INFO [restartedMain] org.springframework.boot.devtools.autoconfigure.ConditionEvaluationDeltaLoggingListener(ConditionEvaluationDeltaLoggingListener.java:onApplicationEvent:63) - Condition evaluation unchanged
2020-04-21 20:15:15,249  INFO [http-nio-8090-exec-1] org.springframework.web.servlet.DispatcherServlet(FrameworkServlet.java:initServletBean:525) - Initializing Servlet 'dispatcherServlet'
2020-04-21 20:15:15,257  INFO [http-nio-8090-exec-1] org.springframework.web.servlet.DispatcherServlet(FrameworkServlet.java:initServletBean:547) - Completed initialization in 8 ms
2020-04-21 20:15:34,338 ERROR [http-nio-8090-exec-1] com.kevin.instant.core.token.TokenService(TokenService.java:getKey:50) -
2020-04-21 20:16:23,259  INFO [SpringContextShutdownHook] org.springframework.scheduling.concurrent.ThreadPoolTaskScheduler(ExecutorConfigurationSupport.java:shutdown:218) - Shutting down ExecutorService 'taskScheduler'
2020-04-21 20:16:23,260  INFO [SpringContextShutdownHook] org.springframework.scheduling.concurrent.ThreadPoolTaskExecutor(ExecutorConfigurationSupport.java:shutdown:218) - Shutting down ExecutorService 'applicationTaskExecutor'
2020-04-21 20:16:38,475  INFO [background-preinit] org.hibernate.validator.internal.util.Version(Version.java:<clinit>:21) - HV000001: Hibernate Validator 6.0.18.Final
2020-04-21 20:16:38,708  INFO [restartedMain] com.kevin.instant.InstantApplication(StartupInfoLogger.java:logStarting:55) - Starting InstantApplication on yuanfangdeMacBook-Pro.local with PID 46285 (/Users/yuanfangwu/XiXi/Work/workspace_idea/Instant/target/classes started by yuanfangwu in /Users/yuanfangwu/XiXi/Work/workspace_idea/Instant)
2020-04-21 20:16:38,709  INFO [restartedMain] com.kevin.instant.InstantApplication(SpringApplication.java:logStartupProfileInfo:651) - No active profile set, falling back to default profiles: default
2020-04-21 20:16:38,760  INFO [restartedMain] org.springframework.boot.devtools.env.DevToolsPropertyDefaultsPostProcessor(DeferredLog.java:logTo:225) - Devtools property defaults active! Set 'spring.devtools.add-properties' to 'false' to disable
2020-04-21 20:16:38,761  INFO [restartedMain] org.springframework.boot.devtools.env.DevToolsPropertyDefaultsPostProcessor(DeferredLog.java:logTo:225) - For additional web related logging consider setting the 'logging.level.web' property to 'DEBUG'
2020-04-21 20:16:39,839  INFO [restartedMain] org.springframework.boot.web.embedded.tomcat.TomcatWebServer(TomcatWebServer.java:initialize:92) - Tomcat initialized with port(s): 8090 (http)
2020-04-21 20:16:39,898  INFO [restartedMain] org.springframework.web.context.ContextLoader(ServletWebServerApplicationContext.java:prepareWebApplicationContext:284) - Root WebApplicationContext: initialization completed in 1137 ms
2020-04-21 20:16:40,188  WARN [restartedMain] com.baomidou.mybatisplus.core.injector.AbstractMethod(AbstractMethod.java:addMappedStatement:323) - [com.kevin.instant.mapper.IUserDao.insert] Has been loaded by XML or SqlProvider or Mybatis's Annotation, so ignoring this injection for [class com.baomidou.mybatisplus.core.injector.methods.Insert]
2020-04-21 20:16:40,416  INFO [restartedMain] org.springframework.scheduling.concurrent.ThreadPoolTaskExecutor(ExecutorConfigurationSupport.java:initialize:181) - Initializing ExecutorService 'applicationTaskExecutor'
2020-04-21 20:16:40,570  INFO [restartedMain] org.springframework.scheduling.concurrent.ThreadPoolTaskScheduler(ExecutorConfigurationSupport.java:initialize:181) - Initializing ExecutorService 'taskScheduler'
2020-04-21 20:16:40,598  INFO [restartedMain] org.springframework.boot.devtools.autoconfigure.OptionalLiveReloadServer(OptionalLiveReloadServer.java:startServer:58) - LiveReload server is running on port 35729
2020-04-21 20:16:40,667  INFO [restartedMain] org.springframework.boot.web.embedded.tomcat.TomcatWebServer(TomcatWebServer.java:start:204) - Tomcat started on port(s): 8090 (http) with context path '/instant'
2020-04-21 20:16:40,671  INFO [restartedMain] com.kevin.instant.InstantApplication(StartupInfoLogger.java:logStarted:61) - Started InstantApplication in 2.303 seconds (JVM running for 2.825)
2020-04-21 20:16:55,213  INFO [http-nio-8090-exec-1] org.springframework.web.servlet.DispatcherServlet(FrameworkServlet.java:initServletBean:525) - Initializing Servlet 'dispatcherServlet'
2020-04-21 20:16:55,222  INFO [http-nio-8090-exec-1] org.springframework.web.servlet.DispatcherServlet(FrameworkServlet.java:initServletBean:547) - Completed initialization in 9 ms
2020-04-21 20:17:20,715 ERROR [http-nio-8090-exec-1] com.kevin.instant.core.token.TokenService(TokenService.java:getKey:50) -
2020-04-21 20:18:16,863  INFO [Thread-9] org.springframework.scheduling.concurrent.ThreadPoolTaskScheduler(ExecutorConfigurationSupport.java:shutdown:218) - Shutting down ExecutorService 'taskScheduler'
2020-04-21 20:18:16,864  INFO [Thread-9] org.springframework.scheduling.concurrent.ThreadPoolTaskExecutor(ExecutorConfigurationSupport.java:shutdown:218) - Shutting down ExecutorService 'applicationTaskExecutor'
2020-04-21 20:18:17,018  INFO [restartedMain] org.springframework.boot.devtools.env.DevToolsPropertyDefaultsPostProcessor(DeferredLog.java:logTo:225) - Devtools property defaults active! Set 'spring.devtools.add-properties' to 'false' to disable
2020-04-21 20:18:17,019  INFO [restartedMain] org.springframework.boot.devtools.env.DevToolsPropertyDefaultsPostProcessor(DeferredLog.java:logTo:225) - For additional web related logging consider setting the 'logging.level.web' property to 'DEBUG'
2020-04-21 20:18:17,025  INFO [restartedMain] com.kevin.instant.InstantApplication(StartupInfoLogger.java:logStarting:55) - Starting InstantApplication on yuanfangdeMacBook-Pro.local with PID 46285 (/Users/yuanfangwu/XiXi/Work/workspace_idea/Instant/target/classes started by yuanfangwu in /Users/yuanfangwu/XiXi/Work/workspace_idea/Instant)
2020-04-21 20:18:17,026  INFO [restartedMain] com.kevin.instant.InstantApplication(SpringApplication.java:logStartupProfileInfo:651) - No active profile set, falling back to default profiles: default
2020-04-21 20:18:17,262  INFO [restartedMain] org.springframework.boot.web.embedded.tomcat.TomcatWebServer(TomcatWebServer.java:initialize:92) - Tomcat initialized with port(s): 8090 (http)
2020-04-21 20:18:17,268  INFO [restartedMain] org.springframework.web.context.ContextLoader(ServletWebServerApplicationContext.java:prepareWebApplicationContext:284) - Root WebApplicationContext: initialization completed in 239 ms
2020-04-21 20:18:17,299  WARN [restartedMain] com.baomidou.mybatisplus.core.injector.AbstractMethod(AbstractMethod.java:addMappedStatement:323) - [com.kevin.instant.mapper.IUserDao.insert] Has been loaded by XML or SqlProvider or Mybatis's Annotation, so ignoring this injection for [class com.baomidou.mybatisplus.core.injector.methods.Insert]
2020-04-21 20:18:17,408  INFO [restartedMain] org.springframework.scheduling.concurrent.ThreadPoolTaskExecutor(ExecutorConfigurationSupport.java:initialize:181) - Initializing ExecutorService 'applicationTaskExecutor'
2020-04-21 20:18:17,483  INFO [restartedMain] org.springframework.scheduling.concurrent.ThreadPoolTaskScheduler(ExecutorConfigurationSupport.java:initialize:181) - Initializing ExecutorService 'taskScheduler'
2020-04-21 20:18:17,502  INFO [restartedMain] org.springframework.boot.devtools.autoconfigure.OptionalLiveReloadServer(OptionalLiveReloadServer.java:startServer:58) - LiveReload server is running on port 35729
2020-04-21 20:18:17,515  INFO [restartedMain] org.springframework.boot.web.embedded.tomcat.TomcatWebServer(TomcatWebServer.java:start:204) - Tomcat started on port(s): 8090 (http) with context path '/instant'
2020-04-21 20:18:17,516  INFO [restartedMain] com.kevin.instant.InstantApplication(StartupInfoLogger.java:logStarted:61) - Started InstantApplication in 0.511 seconds (JVM running for 99.67)
2020-04-21 20:18:17,517  INFO [restartedMain] org.springframework.boot.devtools.autoconfigure.ConditionEvaluationDeltaLoggingListener(ConditionEvaluationDeltaLoggingListener.java:onApplicationEvent:63) - Condition evaluation unchanged
2020-04-21 20:18:41,136  INFO [http-nio-8090-exec-1] org.springframework.web.servlet.DispatcherServlet(FrameworkServlet.java:initServletBean:525) - Initializing Servlet 'dispatcherServlet'
2020-04-21 20:18:41,144  INFO [http-nio-8090-exec-1] org.springframework.web.servlet.DispatcherServlet(FrameworkServlet.java:initServletBean:547) - Completed initialization in 8 ms
2020-04-21 20:19:02,154 ERROR [http-nio-8090-exec-1] com.kevin.instant.core.token.TokenService(TokenService.java:getKey:50) -
2020-04-21 20:19:03,977  INFO [Thread-16] org.springframework.scheduling.concurrent.ThreadPoolTaskScheduler(ExecutorConfigurationSupport.java:shutdown:218) - Shutting down ExecutorService 'taskScheduler'
2020-04-21 20:19:03,977  INFO [Thread-16] org.springframework.scheduling.concurrent.ThreadPoolTaskExecutor(ExecutorConfigurationSupport.java:shutdown:218) - Shutting down ExecutorService 'applicationTaskExecutor'
2020-04-21 20:19:04,123  INFO [restartedMain] org.springframework.boot.devtools.env.DevToolsPropertyDefaultsPostProcessor(DeferredLog.java:logTo:225) - Devtools property defaults active! Set 'spring.devtools.add-properties' to 'false' to disable
2020-04-21 20:19:04,123  INFO [restartedMain] org.springframework.boot.devtools.env.DevToolsPropertyDefaultsPostProcessor(DeferredLog.java:logTo:225) - For additional web related logging consider setting the 'logging.level.web' property to 'DEBUG'
2020-04-21 20:19:04,352  INFO [restartedMain] com.kevin.instant.InstantApplication(StartupInfoLogger.java:logStarting:55) - Starting InstantApplication on yuanfangdeMacBook-Pro.local with PID 46285 (/Users/yuanfangwu/XiXi/Work/workspace_idea/Instant/target/classes started by yuanfangwu in /Users/yuanfangwu/XiXi/Work/workspace_idea/Instant)
2020-04-21 20:19:04,353  INFO [restartedMain] com.kevin.instant.InstantApplication(SpringApplication.java:logStartupProfileInfo:651) - No active profile set, falling back to default profiles: default
2020-04-21 20:19:04,655  INFO [restartedMain] org.springframework.boot.web.embedded.tomcat.TomcatWebServer(TomcatWebServer.java:initialize:92) - Tomcat initialized with port(s): 8090 (http)
2020-04-21 20:19:04,667  INFO [restartedMain] org.springframework.web.context.ContextLoader(ServletWebServerApplicationContext.java:prepareWebApplicationContext:284) - Root WebApplicationContext: initialization completed in 311 ms
2020-04-21 20:19:04,712  WARN [restartedMain] com.baomidou.mybatisplus.core.injector.AbstractMethod(AbstractMethod.java:addMappedStatement:323) - [com.kevin.instant.mapper.IUserDao.insert] Has been loaded by XML or SqlProvider or Mybatis's Annotation, so ignoring this injection for [class com.baomidou.mybatisplus.core.injector.methods.Insert]
2020-04-21 20:19:04,848  INFO [restartedMain] org.springframework.scheduling.concurrent.ThreadPoolTaskExecutor(ExecutorConfigurationSupport.java:initialize:181) - Initializing ExecutorService 'applicationTaskExecutor'
2020-04-21 20:19:04,918  INFO [restartedMain] org.springframework.scheduling.concurrent.ThreadPoolTaskScheduler(ExecutorConfigurationSupport.java:initialize:181) - Initializing ExecutorService 'taskScheduler'
2020-04-21 20:19:04,934  INFO [restartedMain] org.springframework.boot.devtools.autoconfigure.OptionalLiveReloadServer(OptionalLiveReloadServer.java:startServer:58) - LiveReload server is running on port 35729
2020-04-21 20:19:04,946  INFO [restartedMain] org.springframework.boot.web.embedded.tomcat.TomcatWebServer(TomcatWebServer.java:start:204) - Tomcat started on port(s): 8090 (http) with context path '/instant'
2020-04-21 20:19:04,946  INFO [restartedMain] com.kevin.instant.InstantApplication(StartupInfoLogger.java:logStarted:61) - Started InstantApplication in 0.835 seconds (JVM running for 147.1)
2020-04-21 20:19:04,947  INFO [restartedMain] org.springframework.boot.devtools.autoconfigure.ConditionEvaluationDeltaLoggingListener(ConditionEvaluationDeltaLoggingListener.java:onApplicationEvent:63) - Condition evaluation unchanged
2020-04-21 20:20:44,949  INFO [SpringContextShutdownHook] org.springframework.scheduling.concurrent.ThreadPoolTaskScheduler(ExecutorConfigurationSupport.java:shutdown:218) - Shutting down ExecutorService 'taskScheduler'
2020-04-21 20:20:44,950  INFO [SpringContextShutdownHook] org.springframework.scheduling.concurrent.ThreadPoolTaskExecutor(ExecutorConfigurationSupport.java:shutdown:218) - Shutting down ExecutorService 'applicationTaskExecutor'
2020-04-21 20:21:14,529  INFO [background-preinit] org.hibernate.validator.internal.util.Version(Version.java:<clinit>:21) - HV000001: Hibernate Validator 6.0.18.Final
2020-04-21 20:21:14,767  INFO [restartedMain] com.kevin.instant.InstantApplication(StartupInfoLogger.java:logStarting:55) - Starting InstantApplication on yuanfangdeMacBook-Pro.local with PID 46559 (/Users/yuanfangwu/XiXi/Work/workspace_idea/Instant/target/classes started by yuanfangwu in /Users/yuanfangwu/XiXi/Work/workspace_idea/Instant)
2020-04-21 20:21:14,768  INFO [restartedMain] com.kevin.instant.InstantApplication(SpringApplication.java:logStartupProfileInfo:651) - No active profile set, falling back to default profiles: default
2020-04-21 20:21:14,824  INFO [restartedMain] org.springframework.boot.devtools.env.DevToolsPropertyDefaultsPostProcessor(DeferredLog.java:logTo:225) - Devtools property defaults active! Set 'spring.devtools.add-properties' to 'false' to disable
2020-04-21 20:21:14,824  INFO [restartedMain] org.springframework.boot.devtools.env.DevToolsPropertyDefaultsPostProcessor(DeferredLog.java:logTo:225) - For additional web related logging consider setting the 'logging.level.web' property to 'DEBUG'
2020-04-21 20:21:15,853  INFO [restartedMain] org.springframework.boot.web.embedded.tomcat.TomcatWebServer(TomcatWebServer.java:initialize:92) - Tomcat initialized with port(s): 8090 (http)
2020-04-21 20:21:15,904  INFO [restartedMain] org.springframework.web.context.ContextLoader(ServletWebServerApplicationContext.java:prepareWebApplicationContext:284) - Root WebApplicationContext: initialization completed in 1079 ms
2020-04-21 20:21:16,161  WARN [restartedMain] com.baomidou.mybatisplus.core.injector.AbstractMethod(AbstractMethod.java:addMappedStatement:323) - [com.kevin.instant.mapper.IUserDao.insert] Has been loaded by XML or SqlProvider or Mybatis's Annotation, so ignoring this injection for [class com.baomidou.mybatisplus.core.injector.methods.Insert]
2020-04-21 20:21:16,360  INFO [restartedMain] org.springframework.scheduling.concurrent.ThreadPoolTaskExecutor(ExecutorConfigurationSupport.java:initialize:181) - Initializing ExecutorService 'applicationTaskExecutor'
2020-04-21 20:21:16,517  INFO [restartedMain] org.springframework.scheduling.concurrent.ThreadPoolTaskScheduler(ExecutorConfigurationSupport.java:initialize:181) - Initializing ExecutorService 'taskScheduler'
2020-04-21 20:21:16,544  INFO [restartedMain] org.springframework.boot.devtools.autoconfigure.OptionalLiveReloadServer(OptionalLiveReloadServer.java:startServer:58) - LiveReload server is running on port 35729
2020-04-21 20:21:16,588  INFO [restartedMain] org.springframework.boot.web.embedded.tomcat.TomcatWebServer(TomcatWebServer.java:start:204) - Tomcat started on port(s): 8090 (http) with context path '/instant'
2020-04-21 20:21:16,590  INFO [restartedMain] com.kevin.instant.InstantApplication(StartupInfoLogger.java:logStarted:61) - Started InstantApplication in 2.159 seconds (JVM running for 2.752)
2020-04-21 20:21:40,117  INFO [Thread-9] org.springframework.scheduling.concurrent.ThreadPoolTaskScheduler(ExecutorConfigurationSupport.java:shutdown:218) - Shutting down ExecutorService 'taskScheduler'
2020-04-21 20:21:40,117  INFO [Thread-9] org.springframework.scheduling.concurrent.ThreadPoolTaskExecutor(ExecutorConfigurationSupport.java:shutdown:218) - Shutting down ExecutorService 'applicationTaskExecutor'
2020-04-21 20:21:40,252  INFO [restartedMain] org.springframework.boot.devtools.env.DevToolsPropertyDefaultsPostProcessor(DeferredLog.java:logTo:225) - Devtools property defaults active! Set 'spring.devtools.add-properties' to 'false' to disable
2020-04-21 20:21:40,253  INFO [restartedMain] org.springframework.boot.devtools.env.DevToolsPropertyDefaultsPostProcessor(DeferredLog.java:logTo:225) - For additional web related logging consider setting the 'logging.level.web' property to 'DEBUG'
2020-04-21 20:21:40,258  INFO [restartedMain] com.kevin.instant.InstantApplication(StartupInfoLogger.java:logStarting:55) - Starting InstantApplication on yuanfangdeMacBook-Pro.local with PID 46559 (/Users/yuanfangwu/XiXi/Work/workspace_idea/Instant/target/classes started by yuanfangwu in /Users/yuanfangwu/XiXi/Work/workspace_idea/Instant)
2020-04-21 20:21:40,258  INFO [restartedMain] com.kevin.instant.InstantApplication(SpringApplication.java:logStartupProfileInfo:651) - No active profile set, falling back to default profiles: default
2020-04-21 20:21:40,493  INFO [restartedMain] org.springframework.boot.web.embedded.tomcat.TomcatWebServer(TomcatWebServer.java:initialize:92) - Tomcat initialized with port(s): 8090 (http)
2020-04-21 20:21:40,500  INFO [restartedMain] org.springframework.web.context.ContextLoader(ServletWebServerApplicationContext.java:prepareWebApplicationContext:284) - Root WebApplicationContext: initialization completed in 240 ms
2020-04-21 20:21:40,531  WARN [restartedMain] com.baomidou.mybatisplus.core.injector.AbstractMethod(AbstractMethod.java:addMappedStatement:323) - [com.kevin.instant.mapper.IUserDao.insert] Has been loaded by XML or SqlProvider or Mybatis's Annotation, so ignoring this injection for [class com.baomidou.mybatisplus.core.injector.methods.Insert]
2020-04-21 20:21:40,641  INFO [restartedMain] org.springframework.scheduling.concurrent.ThreadPoolTaskExecutor(ExecutorConfigurationSupport.java:initialize:181) - Initializing ExecutorService 'applicationTaskExecutor'
2020-04-21 20:21:40,714  INFO [restartedMain] org.springframework.scheduling.concurrent.ThreadPoolTaskScheduler(ExecutorConfigurationSupport.java:initialize:181) - Initializing ExecutorService 'taskScheduler'
2020-04-21 20:21:40,732  INFO [restartedMain] org.springframework.boot.devtools.autoconfigure.OptionalLiveReloadServer(OptionalLiveReloadServer.java:startServer:58) - LiveReload server is running on port 35729
2020-04-21 20:21:40,746  INFO [restartedMain] org.springframework.boot.web.embedded.tomcat.TomcatWebServer(TomcatWebServer.java:start:204) - Tomcat started on port(s): 8090 (http) with context path '/instant'
2020-04-21 20:21:40,747  INFO [restartedMain] com.kevin.instant.InstantApplication(StartupInfoLogger.java:logStarted:61) - Started InstantApplication in 0.507 seconds (JVM running for 26.909)
2020-04-21 20:21:40,748  INFO [restartedMain] org.springframework.boot.devtools.autoconfigure.ConditionEvaluationDeltaLoggingListener(ConditionEvaluationDeltaLoggingListener.java:onApplicationEvent:63) - Condition evaluation unchanged
2020-04-21 20:22:05,940  INFO [http-nio-8090-exec-1] org.springframework.web.servlet.DispatcherServlet(FrameworkServlet.java:initServletBean:525) - Initializing Servlet 'dispatcherServlet'
2020-04-21 20:22:05,953  INFO [http-nio-8090-exec-1] org.springframework.web.servlet.DispatcherServlet(FrameworkServlet.java:initServletBean:547) - Completed initialization in 13 ms
2020-04-21 20:22:06,940  INFO [http-nio-8090-exec-1] com.alibaba.druid.pool.DruidDataSource(DruidDataSource.java:init:923) - {dataSource-1} inited
2020-04-21 20:22:07,096 ERROR [http-nio-8090-exec-1] com.kevin.instant.core.token.TokenService(TokenService.java:getKey:52) -
2020-04-21 20:22:08,345  INFO [Thread-16] org.springframework.scheduling.concurrent.ThreadPoolTaskScheduler(ExecutorConfigurationSupport.java:shutdown:218) - Shutting down ExecutorService 'taskScheduler'
2020-04-21 20:22:08,346  INFO [Thread-16] org.springframework.scheduling.concurrent.ThreadPoolTaskExecutor(ExecutorConfigurationSupport.java:shutdown:218) - Shutting down ExecutorService 'applicationTaskExecutor'
2020-04-21 20:22:08,352  INFO [Thread-16] com.alibaba.druid.pool.DruidDataSource(DruidDataSource.java:close:1818) - {dataSource-1} closed
2020-04-21 20:22:08,509  INFO [restartedMain] org.springframework.boot.devtools.env.DevToolsPropertyDefaultsPostProcessor(DeferredLog.java:logTo:225) - Devtools property defaults active! Set 'spring.devtools.add-properties' to 'false' to disable
2020-04-21 20:22:08,510  INFO [restartedMain] org.springframework.boot.devtools.env.DevToolsPropertyDefaultsPostProcessor(DeferredLog.java:logTo:225) - For additional web related logging consider setting the 'logging.level.web' property to 'DEBUG'
2020-04-21 20:22:08,515  INFO [restartedMain] com.kevin.instant.InstantApplication(StartupInfoLogger.java:logStarting:55) - Starting InstantApplication on yuanfangdeMacBook-Pro.local with PID 46559 (/Users/yuanfangwu/XiXi/Work/workspace_idea/Instant/target/classes started by yuanfangwu in /Users/yuanfangwu/XiXi/Work/workspace_idea/Instant)
2020-04-21 20:22:08,515  INFO [restartedMain] com.kevin.instant.InstantApplication(SpringApplication.java:logStartupProfileInfo:651) - No active profile set, falling back to default profiles: default
2020-04-21 20:22:08,717  INFO [restartedMain] org.springframework.boot.web.embedded.tomcat.TomcatWebServer(TomcatWebServer.java:initialize:92) - Tomcat initialized with port(s): 8090 (http)
2020-04-21 20:22:08,725  INFO [restartedMain] org.springframework.web.context.ContextLoader(ServletWebServerApplicationContext.java:prepareWebApplicationContext:284) - Root WebApplicationContext: initialization completed in 207 ms
2020-04-21 20:22:08,753  WARN [restartedMain] com.baomidou.mybatisplus.core.injector.AbstractMethod(AbstractMethod.java:addMappedStatement:323) - [com.kevin.instant.mapper.IUserDao.insert] Has been loaded by XML or SqlProvider or Mybatis's Annotation, so ignoring this injection for [class com.baomidou.mybatisplus.core.injector.methods.Insert]
2020-04-21 20:22:08,856  INFO [restartedMain] org.springframework.scheduling.concurrent.ThreadPoolTaskExecutor(ExecutorConfigurationSupport.java:initialize:181) - Initializing ExecutorService 'applicationTaskExecutor'
2020-04-21 20:22:08,927  INFO [restartedMain] org.springframework.scheduling.concurrent.ThreadPoolTaskScheduler(ExecutorConfigurationSupport.java:initialize:181) - Initializing ExecutorService 'taskScheduler'
2020-04-21 20:22:08,942  INFO [restartedMain] org.springframework.boot.devtools.autoconfigure.OptionalLiveReloadServer(OptionalLiveReloadServer.java:startServer:58) - LiveReload server is running on port 35729
2020-04-21 20:22:08,953  INFO [restartedMain] org.springframework.boot.web.embedded.tomcat.TomcatWebServer(TomcatWebServer.java:start:204) - Tomcat started on port(s): 8090 (http) with context path '/instant'
2020-04-21 20:22:08,954  INFO [restartedMain] com.kevin.instant.InstantApplication(StartupInfoLogger.java:logStarted:61) - Started InstantApplication in 0.458 seconds (JVM running for 55.115)
2020-04-21 20:22:08,954  INFO [restartedMain] org.springframework.boot.devtools.autoconfigure.ConditionEvaluationDeltaLoggingListener(ConditionEvaluationDeltaLoggingListener.java:onApplicationEvent:63) - Condition evaluation unchanged
2020-04-21 20:22:33,498  INFO [http-nio-8090-exec-1] org.springframework.web.servlet.DispatcherServlet(FrameworkServlet.java:initServletBean:525) - Initializing Servlet 'dispatcherServlet'
2020-04-21 20:22:33,505  INFO [http-nio-8090-exec-1] org.springframework.web.servlet.DispatcherServlet(FrameworkServlet.java:initServletBean:547) - Completed initialization in 7 ms
2020-04-21 20:23:15,164 ERROR [http-nio-8090-exec-1] com.kevin.instant.core.token.TokenService(TokenService.java:getKey:52) -
2020-04-21 20:23:15,206  INFO [SpringContextShutdownHook] org.springframework.scheduling.concurrent.ThreadPoolTaskScheduler(ExecutorConfigurationSupport.java:shutdown:218) - Shutting down ExecutorService 'taskScheduler'
2020-04-21 20:23:15,206  INFO [SpringContextShutdownHook] org.springframework.scheduling.concurrent.ThreadPoolTaskExecutor(ExecutorConfigurationSupport.java:shutdown:218) - Shutting down ExecutorService 'applicationTaskExecutor'
2020-04-21 20:23:40,856  INFO [background-preinit] org.hibernate.validator.internal.util.Version(Version.java:<clinit>:21) - HV000001: Hibernate Validator 6.0.18.Final
2020-04-21 20:23:41,038  INFO [restartedMain] com.kevin.instant.InstantApplication(StartupInfoLogger.java:logStarting:55) - Starting InstantApplication on yuanfangdeMacBook-Pro.local with PID 46718 (/Users/yuanfangwu/XiXi/Work/workspace_idea/Instant/target/classes started by yuanfangwu in /Users/yuanfangwu/XiXi/Work/workspace_idea/Instant)
2020-04-21 20:23:41,038  INFO [restartedMain] com.kevin.instant.InstantApplication(SpringApplication.java:logStartupProfileInfo:651) - No active profile set, falling back to default profiles: default
2020-04-21 20:23:41,087  INFO [restartedMain] org.springframework.boot.devtools.env.DevToolsPropertyDefaultsPostProcessor(DeferredLog.java:logTo:225) - Devtools property defaults active! Set 'spring.devtools.add-properties' to 'false' to disable
2020-04-21 20:23:41,088  INFO [restartedMain] org.springframework.boot.devtools.env.DevToolsPropertyDefaultsPostProcessor(DeferredLog.java:logTo:225) - For additional web related logging consider setting the 'logging.level.web' property to 'DEBUG'
2020-04-21 20:23:42,163  INFO [restartedMain] org.springframework.boot.web.embedded.tomcat.TomcatWebServer(TomcatWebServer.java:initialize:92) - Tomcat initialized with port(s): 8090 (http)
2020-04-21 20:23:42,236  INFO [restartedMain] org.springframework.web.context.ContextLoader(ServletWebServerApplicationContext.java:prepareWebApplicationContext:284) - Root WebApplicationContext: initialization completed in 1147 ms
2020-04-21 20:23:42,521  WARN [restartedMain] com.baomidou.mybatisplus.core.injector.AbstractMethod(AbstractMethod.java:addMappedStatement:323) - [com.kevin.instant.mapper.IUserDao.insert] Has been loaded by XML or SqlProvider or Mybatis's Annotation, so ignoring this injection for [class com.baomidou.mybatisplus.core.injector.methods.Insert]
2020-04-21 20:23:42,753  INFO [restartedMain] org.springframework.scheduling.concurrent.ThreadPoolTaskExecutor(ExecutorConfigurationSupport.java:initialize:181) - Initializing ExecutorService 'applicationTaskExecutor'
2020-04-21 20:23:42,935  INFO [restartedMain] org.springframework.scheduling.concurrent.ThreadPoolTaskScheduler(ExecutorConfigurationSupport.java:initialize:181) - Initializing ExecutorService 'taskScheduler'
2020-04-21 20:23:42,973  INFO [restartedMain] org.springframework.boot.devtools.autoconfigure.OptionalLiveReloadServer(OptionalLiveReloadServer.java:startServer:58) - LiveReload server is running on port 35729
2020-04-21 20:23:43,029  INFO [restartedMain] org.springframework.boot.web.embedded.tomcat.TomcatWebServer(TomcatWebServer.java:start:204) - Tomcat started on port(s): 8090 (http) with context path '/instant'
2020-04-21 20:23:43,033  INFO [restartedMain] com.kevin.instant.InstantApplication(StartupInfoLogger.java:logStarted:61) - Started InstantApplication in 2.252 seconds (JVM running for 2.759)
2020-04-21 20:23:53,663  INFO [http-nio-8090-exec-2] org.springframework.web.servlet.DispatcherServlet(FrameworkServlet.java:initServletBean:525) - Initializing Servlet 'dispatcherServlet'
2020-04-21 20:23:53,672  INFO [http-nio-8090-exec-2] org.springframework.web.servlet.DispatcherServlet(FrameworkServlet.java:initServletBean:547) - Completed initialization in 9 ms
2020-04-21 20:23:54,632  INFO [http-nio-8090-exec-2] com.alibaba.druid.pool.DruidDataSource(DruidDataSource.java:init:923) - {dataSource-1} inited
2020-04-21 20:24:07,884 ERROR [http-nio-8090-exec-2] com.kevin.instant.core.token.TokenService(TokenService.java:getKey:52) -
2020-04-21 20:24:35,667  INFO [Thread-9] org.springframework.scheduling.concurrent.ThreadPoolTaskScheduler(ExecutorConfigurationSupport.java:shutdown:218) - Shutting down ExecutorService 'taskScheduler'
2020-04-21 20:24:35,668  INFO [Thread-9] org.springframework.scheduling.concurrent.ThreadPoolTaskExecutor(ExecutorConfigurationSupport.java:shutdown:218) - Shutting down ExecutorService 'applicationTaskExecutor'
2020-04-21 20:24:35,674  INFO [Thread-9] com.alibaba.druid.pool.DruidDataSource(DruidDataSource.java:close:1818) - {dataSource-1} closed
2020-04-21 20:24:35,813  INFO [restartedMain] org.springframework.boot.devtools.env.DevToolsPropertyDefaultsPostProcessor(DeferredLog.java:logTo:225) - Devtools property defaults active! Set 'spring.devtools.add-properties' to 'false' to disable
2020-04-21 20:24:35,813  INFO [restartedMain] org.springframework.boot.devtools.env.DevToolsPropertyDefaultsPostProcessor(DeferredLog.java:logTo:225) - For additional web related logging consider setting the 'logging.level.web' property to 'DEBUG'
2020-04-21 20:24:35,819  INFO [restartedMain] com.kevin.instant.InstantApplication(StartupInfoLogger.java:logStarting:55) - Starting InstantApplication on yuanfangdeMacBook-Pro.local with PID 46718 (/Users/yuanfangwu/XiXi/Work/workspace_idea/Instant/target/classes started by yuanfangwu in /Users/yuanfangwu/XiXi/Work/workspace_idea/Instant)
2020-04-21 20:24:35,819  INFO [restartedMain] com.kevin.instant.InstantApplication(SpringApplication.java:logStartupProfileInfo:651) - No active profile set, falling back to default profiles: default
2020-04-21 20:24:36,033  INFO [restartedMain] org.springframework.boot.web.embedded.tomcat.TomcatWebServer(TomcatWebServer.java:initialize:92) - Tomcat initialized with port(s): 8090 (http)
2020-04-21 20:24:36,041  INFO [restartedMain] org.springframework.web.context.ContextLoader(ServletWebServerApplicationContext.java:prepareWebApplicationContext:284) - Root WebApplicationContext: initialization completed in 220 ms
2020-04-21 20:24:36,074  WARN [restartedMain] com.baomidou.mybatisplus.core.injector.AbstractMethod(AbstractMethod.java:addMappedStatement:323) - [com.kevin.instant.mapper.IUserDao.insert] Has been loaded by XML or SqlProvider or Mybatis's Annotation, so ignoring this injection for [class com.baomidou.mybatisplus.core.injector.methods.Insert]
2020-04-21 20:24:36,188  INFO [restartedMain] org.springframework.scheduling.concurrent.ThreadPoolTaskExecutor(ExecutorConfigurationSupport.java:initialize:181) - Initializing ExecutorService 'applicationTaskExecutor'
2020-04-21 20:24:36,267  INFO [restartedMain] org.springframework.scheduling.concurrent.ThreadPoolTaskScheduler(ExecutorConfigurationSupport.java:initialize:181) - Initializing ExecutorService 'taskScheduler'
2020-04-21 20:24:36,286  INFO [restartedMain] org.springframework.boot.devtools.autoconfigure.OptionalLiveReloadServer(OptionalLiveReloadServer.java:startServer:58) - LiveReload server is running on port 35729
2020-04-21 20:24:36,299  INFO [restartedMain] org.springframework.boot.web.embedded.tomcat.TomcatWebServer(TomcatWebServer.java:start:204) - Tomcat started on port(s): 8090 (http) with context path '/instant'
2020-04-21 20:24:36,300  INFO [restartedMain] com.kevin.instant.InstantApplication(StartupInfoLogger.java:logStarted:61) - Started InstantApplication in 0.498 seconds (JVM running for 56.026)
2020-04-21 20:24:36,301  INFO [restartedMain] org.springframework.boot.devtools.autoconfigure.ConditionEvaluationDeltaLoggingListener(ConditionEvaluationDeltaLoggingListener.java:onApplicationEvent:63) - Condition evaluation unchanged
2020-04-21 20:24:43,613  INFO [http-nio-8090-exec-1] org.springframework.web.servlet.DispatcherServlet(FrameworkServlet.java:initServletBean:525) - Initializing Servlet 'dispatcherServlet'
2020-04-21 20:24:43,622  INFO [http-nio-8090-exec-1] org.springframework.web.servlet.DispatcherServlet(FrameworkServlet.java:initServletBean:547) - Completed initialization in 9 ms
2020-04-21 20:24:44,447  INFO [http-nio-8090-exec-1] com.alibaba.druid.pool.DruidDataSource(DruidDataSource.java:init:923) - {dataSource-2} inited
2020-04-21 20:24:48,753 ERROR [http-nio-8090-exec-1] com.kevin.instant.core.token.TokenService(TokenService.java:getKey:52) -
2020-04-21 20:24:59,652  INFO [Thread-16] org.springframework.scheduling.concurrent.ThreadPoolTaskScheduler(ExecutorConfigurationSupport.java:shutdown:218) - Shutting down ExecutorService 'taskScheduler'
2020-04-21 20:24:59,652  INFO [Thread-16] org.springframework.scheduling.concurrent.ThreadPoolTaskExecutor(ExecutorConfigurationSupport.java:shutdown:218) - Shutting down ExecutorService 'applicationTaskExecutor'
2020-04-21 20:24:59,654  INFO [Thread-16] com.alibaba.druid.pool.DruidDataSource(DruidDataSource.java:close:1818) - {dataSource-2} closed
2020-04-21 20:24:59,826  INFO [restartedMain] org.springframework.boot.devtools.env.DevToolsPropertyDefaultsPostProcessor(DeferredLog.java:logTo:225) - Devtools property defaults active! Set 'spring.devtools.add-properties' to 'false' to disable
2020-04-21 20:24:59,826  INFO [restartedMain] org.springframework.boot.devtools.env.DevToolsPropertyDefaultsPostProcessor(DeferredLog.java:logTo:225) - For additional web related logging consider setting the 'logging.level.web' property to 'DEBUG'
2020-04-21 20:24:59,832  INFO [restartedMain] com.kevin.instant.InstantApplication(StartupInfoLogger.java:logStarting:55) - Starting InstantApplication on yuanfangdeMacBook-Pro.local with PID 46718 (/Users/yuanfangwu/XiXi/Work/workspace_idea/Instant/target/classes started by yuanfangwu in /Users/yuanfangwu/XiXi/Work/workspace_idea/Instant)
2020-04-21 20:24:59,832  INFO [restartedMain] com.kevin.instant.InstantApplication(SpringApplication.java:logStartupProfileInfo:651) - No active profile set, falling back to default profiles: default
2020-04-21 20:25:00,062  INFO [restartedMain] org.springframework.boot.web.embedded.tomcat.TomcatWebServer(TomcatWebServer.java:initialize:92) - Tomcat initialized with port(s): 8090 (http)
2020-04-21 20:25:00,067  INFO [restartedMain] org.springframework.web.context.ContextLoader(ServletWebServerApplicationContext.java:prepareWebApplicationContext:284) - Root WebApplicationContext: initialization completed in 232 ms
2020-04-21 20:25:00,098  WARN [restartedMain] com.baomidou.mybatisplus.core.injector.AbstractMethod(AbstractMethod.java:addMappedStatement:323) - [com.kevin.instant.mapper.IUserDao.insert] Has been loaded by XML or SqlProvider or Mybatis's Annotation, so ignoring this injection for [class com.baomidou.mybatisplus.core.injector.methods.Insert]
2020-04-21 20:25:00,214  INFO [restartedMain] org.springframework.scheduling.concurrent.ThreadPoolTaskExecutor(ExecutorConfigurationSupport.java:initialize:181) - Initializing ExecutorService 'applicationTaskExecutor'
2020-04-21 20:25:00,294  INFO [restartedMain] org.springframework.scheduling.concurrent.ThreadPoolTaskScheduler(ExecutorConfigurationSupport.java:initialize:181) - Initializing ExecutorService 'taskScheduler'
2020-04-21 20:25:00,313  INFO [restartedMain] org.springframework.boot.devtools.autoconfigure.OptionalLiveReloadServer(OptionalLiveReloadServer.java:startServer:58) - LiveReload server is running on port 35729
2020-04-21 20:25:00,326  INFO [restartedMain] org.springframework.boot.web.embedded.tomcat.TomcatWebServer(TomcatWebServer.java:start:204) - Tomcat started on port(s): 8090 (http) with context path '/instant'
2020-04-21 20:25:00,327  INFO [restartedMain] com.kevin.instant.InstantApplication(StartupInfoLogger.java:logStarted:61) - Started InstantApplication in 0.515 seconds (JVM running for 80.053)
2020-04-21 20:25:00,328  INFO [restartedMain] org.springframework.boot.devtools.autoconfigure.ConditionEvaluationDeltaLoggingListener(ConditionEvaluationDeltaLoggingListener.java:onApplicationEvent:63) - Condition evaluation unchanged
2020-04-21 20:25:58,344  INFO [SpringContextShutdownHook] org.springframework.scheduling.concurrent.ThreadPoolTaskScheduler(ExecutorConfigurationSupport.java:shutdown:218) - Shutting down ExecutorService 'taskScheduler'
2020-04-21 20:25:58,345  INFO [SpringContextShutdownHook] org.springframework.scheduling.concurrent.ThreadPoolTaskExecutor(ExecutorConfigurationSupport.java:shutdown:218) - Shutting down ExecutorService 'applicationTaskExecutor'
2020-04-21 20:26:17,682  INFO [background-preinit] org.hibernate.validator.internal.util.Version(Version.java:<clinit>:21) - HV000001: Hibernate Validator 6.0.18.Final
2020-04-21 20:26:17,949  INFO [restartedMain] com.kevin.instant.InstantApplication(StartupInfoLogger.java:logStarting:55) - Starting InstantApplication on yuanfangdeMacBook-Pro.local with PID 46888 (/Users/yuanfangwu/XiXi/Work/workspace_idea/Instant/target/classes started by yuanfangwu in /Users/yuanfangwu/XiXi/Work/workspace_idea/Instant)
2020-04-21 20:26:17,950  INFO [restartedMain] com.kevin.instant.InstantApplication(SpringApplication.java:logStartupProfileInfo:651) - No active profile set, falling back to default profiles: default
2020-04-21 20:26:18,005  INFO [restartedMain] org.springframework.boot.devtools.env.DevToolsPropertyDefaultsPostProcessor(DeferredLog.java:logTo:225) - Devtools property defaults active! Set 'spring.devtools.add-properties' to 'false' to disable
2020-04-21 20:26:18,005  INFO [restartedMain] org.springframework.boot.devtools.env.DevToolsPropertyDefaultsPostProcessor(DeferredLog.java:logTo:225) - For additional web related logging consider setting the 'logging.level.web' property to 'DEBUG'
2020-04-21 20:26:19,113  INFO [restartedMain] org.springframework.boot.web.embedded.tomcat.TomcatWebServer(TomcatWebServer.java:initialize:92) - Tomcat initialized with port(s): 8090 (http)
2020-04-21 20:26:19,169  INFO [restartedMain] org.springframework.web.context.ContextLoader(ServletWebServerApplicationContext.java:prepareWebApplicationContext:284) - Root WebApplicationContext: initialization completed in 1164 ms
2020-04-21 20:26:19,449  WARN [restartedMain] com.baomidou.mybatisplus.core.injector.AbstractMethod(AbstractMethod.java:addMappedStatement:323) - [com.kevin.instant.mapper.IUserDao.insert] Has been loaded by XML or SqlProvider or Mybatis's Annotation, so ignoring this injection for [class com.baomidou.mybatisplus.core.injector.methods.Insert]
2020-04-21 20:26:19,665  INFO [restartedMain] org.springframework.scheduling.concurrent.ThreadPoolTaskExecutor(ExecutorConfigurationSupport.java:initialize:181) - Initializing ExecutorService 'applicationTaskExecutor'
2020-04-21 20:26:19,834  INFO [restartedMain] org.springframework.scheduling.concurrent.ThreadPoolTaskScheduler(ExecutorConfigurationSupport.java:initialize:181) - Initializing ExecutorService 'taskScheduler'
2020-04-21 20:26:19,866  INFO [restartedMain] org.springframework.boot.devtools.autoconfigure.OptionalLiveReloadServer(OptionalLiveReloadServer.java:startServer:58) - LiveReload server is running on port 35729
2020-04-21 20:26:19,916  INFO [restartedMain] org.springframework.boot.web.embedded.tomcat.TomcatWebServer(TomcatWebServer.java:start:204) - Tomcat started on port(s): 8090 (http) with context path '/instant'
2020-04-21 20:26:19,919  INFO [restartedMain] com.kevin.instant.InstantApplication(StartupInfoLogger.java:logStarted:61) - Started InstantApplication in 2.319 seconds (JVM running for 2.81)
2020-04-21 20:26:22,490  INFO [http-nio-8090-exec-1] org.springframework.web.servlet.DispatcherServlet(FrameworkServlet.java:initServletBean:525) - Initializing Servlet 'dispatcherServlet'
2020-04-21 20:26:22,499  INFO [http-nio-8090-exec-1] org.springframework.web.servlet.DispatcherServlet(FrameworkServlet.java:initServletBean:547) - Completed initialization in 9 ms
2020-04-21 20:26:23,432  INFO [http-nio-8090-exec-1] com.alibaba.druid.pool.DruidDataSource(DruidDataSource.java:init:923) - {dataSource-1} inited
2020-04-21 20:26:39,384  INFO [Thread-9] org.springframework.scheduling.concurrent.ThreadPoolTaskScheduler(ExecutorConfigurationSupport.java:shutdown:218) - Shutting down ExecutorService 'taskScheduler'
2020-04-21 20:26:39,385  INFO [Thread-9] org.springframework.scheduling.concurrent.ThreadPoolTaskExecutor(ExecutorConfigurationSupport.java:shutdown:218) - Shutting down ExecutorService 'applicationTaskExecutor'
2020-04-21 20:26:39,392  INFO [Thread-9] com.alibaba.druid.pool.DruidDataSource(DruidDataSource.java:close:1818) - {dataSource-1} closed
2020-04-21 20:26:39,531  INFO [restartedMain] org.springframework.boot.devtools.env.DevToolsPropertyDefaultsPostProcessor(DeferredLog.java:logTo:225) - Devtools property defaults active! Set 'spring.devtools.add-properties' to 'false' to disable
2020-04-21 20:26:39,531  INFO [restartedMain] org.springframework.boot.devtools.env.DevToolsPropertyDefaultsPostProcessor(DeferredLog.java:logTo:225) - For additional web related logging consider setting the 'logging.level.web' property to 'DEBUG'
2020-04-21 20:26:39,536  INFO [restartedMain] com.kevin.instant.InstantApplication(StartupInfoLogger.java:logStarting:55) - Starting InstantApplication on yuanfangdeMacBook-Pro.local with PID 46888 (/Users/yuanfangwu/XiXi/Work/workspace_idea/Instant/target/classes started by yuanfangwu in /Users/yuanfangwu/XiXi/Work/workspace_idea/Instant)
2020-04-21 20:26:39,536  INFO [restartedMain] com.kevin.instant.InstantApplication(SpringApplication.java:logStartupProfileInfo:651) - No active profile set, falling back to default profiles: default
2020-04-21 20:26:39,757  INFO [restartedMain] org.springframework.boot.web.embedded.tomcat.TomcatWebServer(TomcatWebServer.java:initialize:92) - Tomcat initialized with port(s): 8090 (http)
2020-04-21 20:26:39,764  INFO [restartedMain] org.springframework.web.context.ContextLoader(ServletWebServerApplicationContext.java:prepareWebApplicationContext:284) - Root WebApplicationContext: initialization completed in 226 ms
2020-04-21 20:26:39,796  WARN [restartedMain] com.baomidou.mybatisplus.core.injector.AbstractMethod(AbstractMethod.java:addMappedStatement:323) - [com.kevin.instant.mapper.IUserDao.insert] Has been loaded by XML or SqlProvider or Mybatis's Annotation, so ignoring this injection for [class com.baomidou.mybatisplus.core.injector.methods.Insert]
2020-04-21 20:26:39,904  INFO [restartedMain] org.springframework.scheduling.concurrent.ThreadPoolTaskExecutor(ExecutorConfigurationSupport.java:initialize:181) - Initializing ExecutorService 'applicationTaskExecutor'
2020-04-21 20:26:39,977  INFO [restartedMain] org.springframework.scheduling.concurrent.ThreadPoolTaskScheduler(ExecutorConfigurationSupport.java:initialize:181) - Initializing ExecutorService 'taskScheduler'
2020-04-21 20:26:39,995  INFO [restartedMain] org.springframework.boot.devtools.autoconfigure.OptionalLiveReloadServer(OptionalLiveReloadServer.java:startServer:58) - LiveReload server is running on port 35729
2020-04-21 20:26:40,007  INFO [restartedMain] org.springframework.boot.web.embedded.tomcat.TomcatWebServer(TomcatWebServer.java:start:204) - Tomcat started on port(s): 8090 (http) with context path '/instant'
2020-04-21 20:26:40,008  INFO [restartedMain] com.kevin.instant.InstantApplication(StartupInfoLogger.java:logStarted:61) - Started InstantApplication in 0.488 seconds (JVM running for 22.899)
2020-04-21 20:26:40,009  INFO [restartedMain] org.springframework.boot.devtools.autoconfigure.ConditionEvaluationDeltaLoggingListener(ConditionEvaluationDeltaLoggingListener.java:onApplicationEvent:63) - Condition evaluation unchanged
2020-04-21 20:26:41,310  INFO [SpringContextShutdownHook] org.springframework.scheduling.concurrent.ThreadPoolTaskScheduler(ExecutorConfigurationSupport.java:shutdown:218) - Shutting down ExecutorService 'taskScheduler'
2020-04-21 20:26:41,312  INFO [SpringContextShutdownHook] org.springframework.scheduling.concurrent.ThreadPoolTaskExecutor(ExecutorConfigurationSupport.java:shutdown:218) - Shutting down ExecutorService 'applicationTaskExecutor'
2020-04-21 20:32:07,936  INFO [background-preinit] org.hibernate.validator.internal.util.Version(Version.java:<clinit>:21) - HV000001: Hibernate Validator 6.0.18.Final
2020-04-21 20:32:08,143  INFO [restartedMain] com.kevin.instant.InstantApplication(StartupInfoLogger.java:logStarting:55) - Starting InstantApplication on yuanfangdeMacBook-Pro.local with PID 47247 (/Users/yuanfangwu/XiXi/Work/workspace_idea/Instant/target/classes started by yuanfangwu in /Users/yuanfangwu/XiXi/Work/workspace_idea/Instant)
2020-04-21 20:32:08,144  INFO [restartedMain] com.kevin.instant.InstantApplication(SpringApplication.java:logStartupProfileInfo:651) - No active profile set, falling back to default profiles: default
2020-04-21 20:32:08,195  INFO [restartedMain] org.springframework.boot.devtools.env.DevToolsPropertyDefaultsPostProcessor(DeferredLog.java:logTo:225) - Devtools property defaults active! Set 'spring.devtools.add-properties' to 'false' to disable
2020-04-21 20:32:08,195  INFO [restartedMain] org.springframework.boot.devtools.env.DevToolsPropertyDefaultsPostProcessor(DeferredLog.java:logTo:225) - For additional web related logging consider setting the 'logging.level.web' property to 'DEBUG'
2020-04-21 20:32:09,275  INFO [restartedMain] org.springframework.boot.web.embedded.tomcat.TomcatWebServer(TomcatWebServer.java:initialize:92) - Tomcat initialized with port(s): 8090 (http)
2020-04-21 20:32:09,330  INFO [restartedMain] org.springframework.web.context.ContextLoader(ServletWebServerApplicationContext.java:prepareWebApplicationContext:284) - Root WebApplicationContext: initialization completed in 1135 ms
2020-04-21 20:32:09,633  WARN [restartedMain] com.baomidou.mybatisplus.core.injector.AbstractMethod(AbstractMethod.java:addMappedStatement:323) - [com.kevin.instant.mapper.IUserDao.insert] Has been loaded by XML or SqlProvider or Mybatis's Annotation, so ignoring this injection for [class com.baomidou.mybatisplus.core.injector.methods.Insert]
2020-04-21 20:32:09,883  INFO [restartedMain] org.springframework.scheduling.concurrent.ThreadPoolTaskExecutor(ExecutorConfigurationSupport.java:initialize:181) - Initializing ExecutorService 'applicationTaskExecutor'
2020-04-21 20:32:10,081  INFO [restartedMain] org.springframework.scheduling.concurrent.ThreadPoolTaskScheduler(ExecutorConfigurationSupport.java:initialize:181) - Initializing ExecutorService 'taskScheduler'
2020-04-21 20:32:10,120  INFO [restartedMain] org.springframework.boot.devtools.autoconfigure.OptionalLiveReloadServer(OptionalLiveReloadServer.java:startServer:58) - LiveReload server is running on port 35729
2020-04-21 20:32:10,176  INFO [restartedMain] org.springframework.boot.web.embedded.tomcat.TomcatWebServer(TomcatWebServer.java:start:204) - Tomcat started on port(s): 8090 (http) with context path '/instant'
2020-04-21 20:32:10,179  INFO [restartedMain] com.kevin.instant.InstantApplication(StartupInfoLogger.java:logStarted:61) - Started InstantApplication in 2.332 seconds (JVM running for 2.918)
2020-04-21 20:32:14,708  INFO [http-nio-8090-exec-1] org.springframework.web.servlet.DispatcherServlet(FrameworkServlet.java:initServletBean:525) - Initializing Servlet 'dispatcherServlet'
2020-04-21 20:32:14,717  INFO [http-nio-8090-exec-1] org.springframework.web.servlet.DispatcherServlet(FrameworkServlet.java:initServletBean:547) - Completed initialization in 8 ms
2020-04-21 20:32:15,710  INFO [http-nio-8090-exec-1] com.alibaba.druid.pool.DruidDataSource(DruidDataSource.java:init:923) - {dataSource-1} inited
2020-04-21 20:33:12,897  INFO [SpringContextShutdownHook] org.springframework.scheduling.concurrent.ThreadPoolTaskScheduler(ExecutorConfigurationSupport.java:shutdown:218) - Shutting down ExecutorService 'taskScheduler'
2020-04-21 20:33:12,898  INFO [SpringContextShutdownHook] org.springframework.scheduling.concurrent.ThreadPoolTaskExecutor(ExecutorConfigurationSupport.java:shutdown:218) - Shutting down ExecutorService 'applicationTaskExecutor'
2020-04-21 20:33:12,905  INFO [SpringContextShutdownHook] com.alibaba.druid.pool.DruidDataSource(DruidDataSource.java:close:1818) - {dataSource-1} closed
2020-04-21 20:33:17,756  INFO [background-preinit] org.hibernate.validator.internal.util.Version(Version.java:<clinit>:21) - HV000001: Hibernate Validator 6.0.18.Final
2020-04-21 20:33:17,977  INFO [restartedMain] com.kevin.instant.InstantApplication(StartupInfoLogger.java:logStarting:55) - Starting InstantApplication on yuanfangdeMacBook-Pro.local with PID 47330 (/Users/yuanfangwu/XiXi/Work/workspace_idea/Instant/target/classes started by yuanfangwu in /Users/yuanfangwu/XiXi/Work/workspace_idea/Instant)
2020-04-21 20:33:17,978  INFO [restartedMain] com.kevin.instant.InstantApplication(SpringApplication.java:logStartupProfileInfo:651) - No active profile set, falling back to default profiles: default
2020-04-21 20:33:18,028  INFO [restartedMain] org.springframework.boot.devtools.env.DevToolsPropertyDefaultsPostProcessor(DeferredLog.java:logTo:225) - Devtools property defaults active! Set 'spring.devtools.add-properties' to 'false' to disable
2020-04-21 20:33:18,029  INFO [restartedMain] org.springframework.boot.devtools.env.DevToolsPropertyDefaultsPostProcessor(DeferredLog.java:logTo:225) - For additional web related logging consider setting the 'logging.level.web' property to 'DEBUG'
2020-04-21 20:33:19,012  INFO [restartedMain] org.springframework.boot.web.embedded.tomcat.TomcatWebServer(TomcatWebServer.java:initialize:92) - Tomcat initialized with port(s): 8090 (http)
2020-04-21 20:33:19,067  INFO [restartedMain] org.springframework.web.context.ContextLoader(ServletWebServerApplicationContext.java:prepareWebApplicationContext:284) - Root WebApplicationContext: initialization completed in 1038 ms
2020-04-21 20:33:19,343  WARN [restartedMain] com.baomidou.mybatisplus.core.injector.AbstractMethod(AbstractMethod.java:addMappedStatement:323) - [com.kevin.instant.mapper.IUserDao.insert] Has been loaded by XML or SqlProvider or Mybatis's Annotation, so ignoring this injection for [class com.baomidou.mybatisplus.core.injector.methods.Insert]
2020-04-21 20:33:19,542  INFO [restartedMain] org.springframework.scheduling.concurrent.ThreadPoolTaskExecutor(ExecutorConfigurationSupport.java:initialize:181) - Initializing ExecutorService 'applicationTaskExecutor'
2020-04-21 20:33:19,709  INFO [restartedMain] org.springframework.scheduling.concurrent.ThreadPoolTaskScheduler(ExecutorConfigurationSupport.java:initialize:181) - Initializing ExecutorService 'taskScheduler'
2020-04-21 20:33:19,738  INFO [restartedMain] org.springframework.boot.devtools.autoconfigure.OptionalLiveReloadServer(OptionalLiveReloadServer.java:startServer:58) - LiveReload server is running on port 35729
2020-04-21 20:33:19,783  INFO [restartedMain] org.springframework.boot.web.embedded.tomcat.TomcatWebServer(TomcatWebServer.java:start:204) - Tomcat started on port(s): 8090 (http) with context path '/instant'
2020-04-21 20:33:19,786  INFO [restartedMain] com.kevin.instant.InstantApplication(StartupInfoLogger.java:logStarted:61) - Started InstantApplication in 2.15 seconds (JVM running for 2.799)
2020-04-21 20:33:26,980  INFO [http-nio-8090-exec-1] org.springframework.web.servlet.DispatcherServlet(FrameworkServlet.java:initServletBean:525) - Initializing Servlet 'dispatcherServlet'
2020-04-21 20:33:26,991  INFO [http-nio-8090-exec-1] org.springframework.web.servlet.DispatcherServlet(FrameworkServlet.java:initServletBean:547) - Completed initialization in 11 ms
2020-04-21 20:33:28,060  INFO [http-nio-8090-exec-1] com.alibaba.druid.pool.DruidDataSource(DruidDataSource.java:init:923) - {dataSource-1} inited
2020-04-21 20:34:25,010  INFO [SpringContextShutdownHook] org.springframework.scheduling.concurrent.ThreadPoolTaskScheduler(ExecutorConfigurationSupport.java:shutdown:218) - Shutting down ExecutorService 'taskScheduler'
2020-04-21 20:34:25,011  INFO [SpringContextShutdownHook] org.springframework.scheduling.concurrent.ThreadPoolTaskExecutor(ExecutorConfigurationSupport.java:shutdown:218) - Shutting down ExecutorService 'applicationTaskExecutor'
2020-04-21 20:34:25,018  INFO [SpringContextShutdownHook] com.alibaba.druid.pool.DruidDataSource(DruidDataSource.java:close:1818) - {dataSource-1} closed
2020-04-21 20:34:38,128  INFO [background-preinit] org.hibernate.validator.internal.util.Version(Version.java:<clinit>:21) - HV000001: Hibernate Validator 6.0.18.Final
2020-04-21 20:34:38,302  INFO [restartedMain] com.kevin.instant.InstantApplication(StartupInfoLogger.java:logStarting:55) - Starting InstantApplication on yuanfangdeMacBook-Pro.local with PID 47410 (/Users/yuanfangwu/XiXi/Work/workspace_idea/Instant/target/classes started by yuanfangwu in /Users/yuanfangwu/XiXi/Work/workspace_idea/Instant)
2020-04-21 20:34:38,303  INFO [restartedMain] com.kevin.instant.InstantApplication(SpringApplication.java:logStartupProfileInfo:651) - No active profile set, falling back to default profiles: default
2020-04-21 20:34:38,347  INFO [restartedMain] org.springframework.boot.devtools.env.DevToolsPropertyDefaultsPostProcessor(DeferredLog.java:logTo:225) - Devtools property defaults active! Set 'spring.devtools.add-properties' to 'false' to disable
2020-04-21 20:34:38,347  INFO [restartedMain] org.springframework.boot.devtools.env.DevToolsPropertyDefaultsPostProcessor(DeferredLog.java:logTo:225) - For additional web related logging consider setting the 'logging.level.web' property to 'DEBUG'
2020-04-21 20:34:39,440  INFO [restartedMain] org.springframework.boot.web.embedded.tomcat.TomcatWebServer(TomcatWebServer.java:initialize:92) - Tomcat initialized with port(s): 8090 (http)
2020-04-21 20:34:39,506  INFO [restartedMain] org.springframework.web.context.ContextLoader(ServletWebServerApplicationContext.java:prepareWebApplicationContext:284) - Root WebApplicationContext: initialization completed in 1159 ms
2020-04-21 20:34:39,771  WARN [restartedMain] com.baomidou.mybatisplus.core.injector.AbstractMethod(AbstractMethod.java:addMappedStatement:323) - [com.kevin.instant.mapper.IUserDao.insert] Has been loaded by XML or SqlProvider or Mybatis's Annotation, so ignoring this injection for [class com.baomidou.mybatisplus.core.injector.methods.Insert]
2020-04-21 20:34:39,997  INFO [restartedMain] org.springframework.scheduling.concurrent.ThreadPoolTaskExecutor(ExecutorConfigurationSupport.java:initialize:181) - Initializing ExecutorService 'applicationTaskExecutor'
2020-04-21 20:34:40,178  INFO [restartedMain] org.springframework.scheduling.concurrent.ThreadPoolTaskScheduler(ExecutorConfigurationSupport.java:initialize:181) - Initializing ExecutorService 'taskScheduler'
2020-04-21 20:34:40,215  INFO [restartedMain] org.springframework.boot.devtools.autoconfigure.OptionalLiveReloadServer(OptionalLiveReloadServer.java:startServer:58) - LiveReload server is running on port 35729
2020-04-21 20:34:40,268  INFO [restartedMain] org.springframework.boot.web.embedded.tomcat.TomcatWebServer(TomcatWebServer.java:start:204) - Tomcat started on port(s): 8090 (http) with context path '/instant'
2020-04-21 20:34:40,271  INFO [restartedMain] com.kevin.instant.InstantApplication(StartupInfoLogger.java:logStarted:61) - Started InstantApplication in 2.213 seconds (JVM running for 2.705)
2020-04-21 20:34:45,827  INFO [http-nio-8090-exec-1] org.springframework.web.servlet.DispatcherServlet(FrameworkServlet.java:initServletBean:525) - Initializing Servlet 'dispatcherServlet'
2020-04-21 20:34:45,835  INFO [http-nio-8090-exec-1] org.springframework.web.servlet.DispatcherServlet(FrameworkServlet.java:initServletBean:547) - Completed initialization in 8 ms
2020-04-21 20:34:46,853  INFO [http-nio-8090-exec-1] com.alibaba.druid.pool.DruidDataSource(DruidDataSource.java:init:923) - {dataSource-1} inited
2020-04-21 20:35:22,565  INFO [SpringContextShutdownHook] org.springframework.scheduling.concurrent.ThreadPoolTaskScheduler(ExecutorConfigurationSupport.java:shutdown:218) - Shutting down ExecutorService 'taskScheduler'
2020-04-21 20:35:22,566  INFO [SpringContextShutdownHook] org.springframework.scheduling.concurrent.ThreadPoolTaskExecutor(ExecutorConfigurationSupport.java:shutdown:218) - Shutting down ExecutorService 'applicationTaskExecutor'
2020-04-21 20:35:22,573  INFO [SpringContextShutdownHook] com.alibaba.druid.pool.DruidDataSource(DruidDataSource.java:close:1818) - {dataSource-1} closed
2020-04-21 20:35:27,508  INFO [background-preinit] org.hibernate.validator.internal.util.Version(Version.java:<clinit>:21) - HV000001: Hibernate Validator 6.0.18.Final
2020-04-21 20:35:27,716  INFO [restartedMain] com.kevin.instant.InstantApplication(StartupInfoLogger.java:logStarting:55) - Starting InstantApplication on yuanfangdeMacBook-Pro.local with PID 47458 (/Users/yuanfangwu/XiXi/Work/workspace_idea/Instant/target/classes started by yuanfangwu in /Users/yuanfangwu/XiXi/Work/workspace_idea/Instant)
2020-04-21 20:35:27,717  INFO [restartedMain] com.kevin.instant.InstantApplication(SpringApplication.java:logStartupProfileInfo:651) - No active profile set, falling back to default profiles: default
2020-04-21 20:35:27,765  INFO [restartedMain] org.springframework.boot.devtools.env.DevToolsPropertyDefaultsPostProcessor(DeferredLog.java:logTo:225) - Devtools property defaults active! Set 'spring.devtools.add-properties' to 'false' to disable
2020-04-21 20:35:27,766  INFO [restartedMain] org.springframework.boot.devtools.env.DevToolsPropertyDefaultsPostProcessor(DeferredLog.java:logTo:225) - For additional web related logging consider setting the 'logging.level.web' property to 'DEBUG'
2020-04-21 20:35:28,832  INFO [restartedMain] org.springframework.boot.web.embedded.tomcat.TomcatWebServer(TomcatWebServer.java:initialize:92) - Tomcat initialized with port(s): 8090 (http)
2020-04-21 20:35:28,887  INFO [restartedMain] org.springframework.web.context.ContextLoader(ServletWebServerApplicationContext.java:prepareWebApplicationContext:284) - Root WebApplicationContext: initialization completed in 1121 ms
2020-04-21 20:35:29,153  WARN [restartedMain] com.baomidou.mybatisplus.core.injector.AbstractMethod(AbstractMethod.java:addMappedStatement:323) - [com.kevin.instant.mapper.IUserDao.insert] Has been loaded by XML or SqlProvider or Mybatis's Annotation, so ignoring this injection for [class com.baomidou.mybatisplus.core.injector.methods.Insert]
2020-04-21 20:35:29,353  INFO [restartedMain] org.springframework.scheduling.concurrent.ThreadPoolTaskExecutor(ExecutorConfigurationSupport.java:initialize:181) - Initializing ExecutorService 'applicationTaskExecutor'
2020-04-21 20:35:29,513  INFO [restartedMain] org.springframework.scheduling.concurrent.ThreadPoolTaskScheduler(ExecutorConfigurationSupport.java:initialize:181) - Initializing ExecutorService 'taskScheduler'
2020-04-21 20:35:29,545  INFO [restartedMain] org.springframework.boot.devtools.autoconfigure.OptionalLiveReloadServer(OptionalLiveReloadServer.java:startServer:58) - LiveReload server is running on port 35729
2020-04-21 20:35:29,593  INFO [restartedMain] org.springframework.boot.web.embedded.tomcat.TomcatWebServer(TomcatWebServer.java:start:204) - Tomcat started on port(s): 8090 (http) with context path '/instant'
2020-04-21 20:35:29,596  INFO [restartedMain] com.kevin.instant.InstantApplication(StartupInfoLogger.java:logStarted:61) - Started InstantApplication in 2.165 seconds (JVM running for 2.747)
2020-04-21 20:35:31,530  INFO [http-nio-8090-exec-1] org.springframework.web.servlet.DispatcherServlet(FrameworkServlet.java:initServletBean:525) - Initializing Servlet 'dispatcherServlet'
2020-04-21 20:35:31,542  INFO [http-nio-8090-exec-1] org.springframework.web.servlet.DispatcherServlet(FrameworkServlet.java:initServletBean:547) - Completed initialization in 12 ms
2020-04-21 20:35:32,594  INFO [http-nio-8090-exec-1] com.alibaba.druid.pool.DruidDataSource(DruidDataSource.java:init:923) - {dataSource-1} inited
2020-04-21 20:36:00,530  INFO [SpringContextShutdownHook] org.springframework.scheduling.concurrent.ThreadPoolTaskScheduler(ExecutorConfigurationSupport.java:shutdown:218) - Shutting down ExecutorService 'taskScheduler'
2020-04-21 20:36:00,531  INFO [SpringContextShutdownHook] org.springframework.scheduling.concurrent.ThreadPoolTaskExecutor(ExecutorConfigurationSupport.java:shutdown:218) - Shutting down ExecutorService 'applicationTaskExecutor'
2020-04-21 20:36:00,538  INFO [SpringContextShutdownHook] com.alibaba.druid.pool.DruidDataSource(DruidDataSource.java:close:1818) - {dataSource-1} closed
2020-04-21 20:39:22,196  INFO [background-preinit] org.hibernate.validator.internal.util.Version(Version.java:<clinit>:21) - HV000001: Hibernate Validator 6.0.18.Final
2020-04-21 20:39:22,342  INFO [restartedMain] com.kevin.instant.InstantApplication(StartupInfoLogger.java:logStarting:55) - Starting InstantApplication on yuanfangdeMacBook-Pro.local with PID 47717 (/Users/yuanfangwu/XiXi/Work/workspace_idea/Instant/target/classes started by yuanfangwu in /Users/yuanfangwu/XiXi/Work/workspace_idea/Instant)
2020-04-21 20:39:22,343  INFO [restartedMain] com.kevin.instant.InstantApplication(SpringApplication.java:logStartupProfileInfo:651) - No active profile set, falling back to default profiles: default
2020-04-21 20:39:22,372  INFO [restartedMain] org.springframework.boot.devtools.env.DevToolsPropertyDefaultsPostProcessor(DeferredLog.java:logTo:225) - Devtools property defaults active! Set 'spring.devtools.add-properties' to 'false' to disable
2020-04-21 20:39:22,372  INFO [restartedMain] org.springframework.boot.devtools.env.DevToolsPropertyDefaultsPostProcessor(DeferredLog.java:logTo:225) - For additional web related logging consider setting the 'logging.level.web' property to 'DEBUG'
2020-04-21 20:39:23,259  INFO [restartedMain] org.springframework.boot.web.embedded.tomcat.TomcatWebServer(TomcatWebServer.java:initialize:92) - Tomcat initialized with port(s): 8090 (http)
2020-04-21 20:39:23,311  INFO [restartedMain] org.springframework.web.context.ContextLoader(ServletWebServerApplicationContext.java:prepareWebApplicationContext:284) - Root WebApplicationContext: initialization completed in 939 ms
2020-04-21 20:39:23,541  WARN [restartedMain] com.baomidou.mybatisplus.core.injector.AbstractMethod(AbstractMethod.java:addMappedStatement:323) - [com.kevin.instant.mapper.IUserDao.insert] Has been loaded by XML or SqlProvider or Mybatis's Annotation, so ignoring this injection for [class com.baomidou.mybatisplus.core.injector.methods.Insert]
2020-04-21 20:39:23,739  INFO [restartedMain] org.springframework.scheduling.concurrent.ThreadPoolTaskExecutor(ExecutorConfigurationSupport.java:initialize:181) - Initializing ExecutorService 'applicationTaskExecutor'
2020-04-21 20:39:23,874  INFO [restartedMain] org.springframework.scheduling.concurrent.ThreadPoolTaskScheduler(ExecutorConfigurationSupport.java:initialize:181) - Initializing ExecutorService 'taskScheduler'
2020-04-21 20:39:23,896  INFO [restartedMain] org.springframework.boot.devtools.autoconfigure.OptionalLiveReloadServer(OptionalLiveReloadServer.java:startServer:58) - LiveReload server is running on port 35729
2020-04-21 20:39:23,933  INFO [restartedMain] org.springframework.boot.web.embedded.tomcat.TomcatWebServer(TomcatWebServer.java:start:204) - Tomcat started on port(s): 8090 (http) with context path '/instant'
2020-04-21 20:39:23,935  INFO [restartedMain] com.kevin.instant.InstantApplication(StartupInfoLogger.java:logStarted:61) - Started InstantApplication in 1.797 seconds (JVM running for 2.309)
2020-04-21 20:39:32,075  INFO [http-nio-8090-exec-1] org.springframework.web.servlet.DispatcherServlet(FrameworkServlet.java:initServletBean:525) - Initializing Servlet 'dispatcherServlet'
2020-04-21 20:39:32,085  INFO [http-nio-8090-exec-1] org.springframework.web.servlet.DispatcherServlet(FrameworkServlet.java:initServletBean:547) - Completed initialization in 9 ms
2020-04-21 20:39:33,026  INFO [http-nio-8090-exec-1] com.alibaba.druid.pool.DruidDataSource(DruidDataSource.java:init:923) - {dataSource-1} inited
2020-04-21 20:40:06,524  INFO [SpringContextShutdownHook] org.springframework.scheduling.concurrent.ThreadPoolTaskScheduler(ExecutorConfigurationSupport.java:shutdown:218) - Shutting down ExecutorService 'taskScheduler'
2020-04-21 20:40:06,525  INFO [SpringContextShutdownHook] org.springframework.scheduling.concurrent.ThreadPoolTaskExecutor(ExecutorConfigurationSupport.java:shutdown:218) - Shutting down ExecutorService 'applicationTaskExecutor'
2020-04-21 20:40:06,532  INFO [SpringContextShutdownHook] com.alibaba.druid.pool.DruidDataSource(DruidDataSource.java:close:1818) - {dataSource-1} closed
